[s6-init] making user provided files available at /var/run/s6/etc...exited 0.
[s6-init] ensuring user provided files have correct perms...exited 0.
[fix-attrs.d] applying ownership & permissions fixes...
[fix-attrs.d] done.
[cont-init.d] executing container initialization scripts...
[cont-init.d] done.
[services.d] starting services
[services.d] done.
/opt/bin/serf agent --join ha --tag role=backend
==> Starting Serf agent...
==> Starting Serf agent RPC...
==> Serf agent running!
         Node name: '1f0e076a3a99'
         Bind addr: '0.0.0.0:7946'
          RPC addr: '127.0.0.1:7373'
         Encrypted: false
          Snapshot: false
           Profile: lan
==> Joining cluster...(replay: false)
    Join completed. Synced with 1 initial agents

==> Log data will now stream in as it occurs:

    2017/12/13 09:40:36 [INFO] agent: Serf agent starting
    2017/12/13 09:40:36 [INFO] serf: EventMemberJoin: 1f0e076a3a99 172.18.0.3
    2017/12/13 09:40:36 [INFO] agent: joining: [ha] replay: false
    2017/12/13 09:40:36 [INFO] serf: EventMemberJoin: 86fa42714cff 172.18.0.2
    2017/12/13 09:40:36 [INFO] agent: joined: 1 nodes
Application started
    2017/12/13 09:40:37 [INFO] agent: Received event: member-join
    2017/12/13 09:40:41 [INFO] serf: EventMemberJoin: 5c3db86492b8 172.18.0.4
    2017/12/13 09:40:42 [INFO] agent: Received event: member-join
