[
    {
        "Id": "cc88972f3b8cf3bea15a9f7b9abc19589736ccc83a913ebed4dd3f1a117ebd5e",
        "Created": "2017-12-14T13:12:59.86241566Z",
        "Path": "/init",
        "Args": [],
        "State": {
            "Status": "running",
            "Running": true,
            "Paused": false,
            "Restarting": false,
            "OOMKilled": false,
            "Dead": false,
            "Pid": 3479,
            "ExitCode": 0,
            "Error": "",
            "StartedAt": "2017-12-14T13:13:00.86325066Z",
            "FinishedAt": "0001-01-01T00:00:00Z"
        },
        "Image": "sha256:207410762920207346bef27b2081f5a78752598c07cdd6ccc11715e7a6036d2b",
        "ResolvConfPath": "/var/lib/docker/containers/cc88972f3b8cf3bea15a9f7b9abc19589736ccc83a913ebed4dd3f1a117ebd5e/resolv.conf",
        "HostnamePath": "/var/lib/docker/containers/cc88972f3b8cf3bea15a9f7b9abc19589736ccc83a913ebed4dd3f1a117ebd5e/hostname",
        "HostsPath": "/var/lib/docker/containers/cc88972f3b8cf3bea15a9f7b9abc19589736ccc83a913ebed4dd3f1a117ebd5e/hosts",
        "LogPath": "/var/lib/docker/containers/cc88972f3b8cf3bea15a9f7b9abc19589736ccc83a913ebed4dd3f1a117ebd5e/cc88972f3b8cf3bea15a9f7b9abc19589736ccc83a913ebed4dd3f1a117ebd5e-json.log",
        "Name": "/s2",
        "RestartCount": 0,
        "Driver": "aufs",
        "Platform": "linux",
        "MountLabel": "",
        "ProcessLabel": "",
        "AppArmorProfile": "docker-default",
        "ExecIDs": null,
        "HostConfig": {
            "Binds": null,
            "ContainerIDFile": "",
            "LogConfig": {
                "Type": "json-file",
                "Config": {}
            },
            "NetworkMode": "heig",
            "PortBindings": {},
            "RestartPolicy": {
                "Name": "no",
                "MaximumRetryCount": 0
            },
            "AutoRemove": false,
            "VolumeDriver": "",
            "VolumesFrom": null,
            "CapAdd": null,
            "CapDrop": null,
            "Dns": [],
            "DnsOptions": [],
            "DnsSearch": [],
            "ExtraHosts": null,
            "GroupAdd": null,
            "IpcMode": "shareable",
            "Cgroup": "",
            "Links": null,
            "OomScoreAdj": 0,
            "PidMode": "",
            "Privileged": false,
            "PublishAllPorts": false,
            "ReadonlyRootfs": false,
            "SecurityOpt": null,
            "UTSMode": "",
            "UsernsMode": "",
            "ShmSize": 67108864,
            "Runtime": "runc",
            "ConsoleSize": [
                0,
                0
            ],
            "Isolation": "",
            "CpuShares": 0,
            "Memory": 0,
            "NanoCpus": 0,
            "CgroupParent": "",
            "BlkioWeight": 0,
            "BlkioWeightDevice": [],
            "BlkioDeviceReadBps": null,
            "BlkioDeviceWriteBps": null,
            "BlkioDeviceReadIOps": null,
            "BlkioDeviceWriteIOps": null,
            "CpuPeriod": 0,
            "CpuQuota": 0,
            "CpuRealtimePeriod": 0,
            "CpuRealtimeRuntime": 0,
            "CpusetCpus": "",
            "CpusetMems": "",
            "Devices": [],
            "DeviceCgroupRules": null,
            "DiskQuota": 0,
            "KernelMemory": 0,
            "MemoryReservation": 0,
            "MemorySwap": 0,
            "MemorySwappiness": null,
            "OomKillDisable": false,
            "PidsLimit": 0,
            "Ulimits": null,
            "CpuCount": 0,
            "CpuPercent": 0,
            "IOMaximumIOps": 0,
            "IOMaximumBandwidth": 0
        },
        "GraphDriver": {
            "Data": null,
            "Name": "aufs"
        },
        "Mounts": [],
        "Config": {
            "Hostname": "cc88972f3b8c",
            "Domainname": "",
            "User": "",
            "AttachStdin": false,
            "AttachStdout": false,
            "AttachStderr": false,
            "ExposedPorts": {
                "3000/tcp": {},
                "7373/tcp": {},
                "7946/tcp": {}
            },
            "Tty": false,
            "OpenStdin": false,
            "StdinOnce": false,
            "Env": [
                "PATH=/usr/local/sbin:/usr/local/bin:/usr/sbin:/usr/bin:/sbin:/bin",
                "NODE_VERSION=0.12.2",
                "NPM_VERSION=2.9.1",
                "ROLE=backend"
            ],
            "Cmd": null,
            "Image": "softengheigvd/webapp",
            "Volumes": null,
            "WorkingDir": "",
            "Entrypoint": [
                "/init"
            ],
            "OnBuild": null,
            "Labels": {}
        },
        "NetworkSettings": {
            "Bridge": "",
            "SandboxID": "50a7b52f8f222c00da5ee29edc5777ce6cb7e2d9d180478788dbd7dd4dfd9633",
            "HairpinMode": false,
            "LinkLocalIPv6Address": "",
            "LinkLocalIPv6PrefixLen": 0,
            "Ports": {
                "3000/tcp": null,
                "7373/tcp": null,
                "7946/tcp": null
            },
            "SandboxKey": "/var/run/docker/netns/50a7b52f8f22",
            "SecondaryIPAddresses": null,
            "SecondaryIPv6Addresses": null,
            "EndpointID": "",
            "Gateway": "",
            "GlobalIPv6Address": "",
            "GlobalIPv6PrefixLen": 0,
            "IPAddress": "",
            "IPPrefixLen": 0,
            "IPv6Gateway": "",
            "MacAddress": "",
            "Networks": {
                "heig": {
                    "IPAMConfig": null,
                    "Links": null,
                    "Aliases": [
                        "cc88972f3b8c"
                    ],
                    "NetworkID": "187b96454a68c93effb4101e142c0e5d757dd04d845dc3fbd7f92afee91d789d",
                    "EndpointID": "93e7f741e2fade6205d17d270c955f6c857fa4dc0f7e69ece85a65e9281e55d8",
                    "Gateway": "172.18.0.1",
                    "IPAddress": "172.18.0.4",
                    "IPPrefixLen": 16,
                    "IPv6Gateway": "",
                    "GlobalIPv6Address": "",
                    "GlobalIPv6PrefixLen": 0,
                    "MacAddress": "02:42:ac:12:00:04",
                    "DriverOpts": null
                }
            }
        }
    }
]
