[
    {
        "Id": "82ff8793b14a2e6818baabd4cb5a7a12178af6329f35a22df78c78d14960f9c8",
        "Created": "2017-12-14T09:43:55.190064709Z",
        "Path": "/init",
        "Args": [],
        "State": {
            "Status": "running",
            "Running": true,
            "Paused": false,
            "Restarting": false,
            "OOMKilled": false,
            "Dead": false,
            "Pid": 2552,
            "ExitCode": 0,
            "Error": "",
            "StartedAt": "2017-12-14T09:43:55.896040382Z",
            "FinishedAt": "0001-01-01T00:00:00Z"
        },
        "Image": "sha256:fb39e5b7d1130586b9be5c03511397ff2b5bfcd49596ec1ac7e5e04bc019d538",
        "ResolvConfPath": "/var/lib/docker/containers/82ff8793b14a2e6818baabd4cb5a7a12178af6329f35a22df78c78d14960f9c8/resolv.conf",
        "HostnamePath": "/var/lib/docker/containers/82ff8793b14a2e6818baabd4cb5a7a12178af6329f35a22df78c78d14960f9c8/hostname",
        "HostsPath": "/var/lib/docker/containers/82ff8793b14a2e6818baabd4cb5a7a12178af6329f35a22df78c78d14960f9c8/hosts",
        "LogPath": "/var/lib/docker/containers/82ff8793b14a2e6818baabd4cb5a7a12178af6329f35a22df78c78d14960f9c8/82ff8793b14a2e6818baabd4cb5a7a12178af6329f35a22df78c78d14960f9c8-json.log",
        "Name": "/s2",
        "RestartCount": 0,
        "Driver": "aufs",
        "Platform": "linux",
        "MountLabel": "",
        "ProcessLabel": "",
        "AppArmorProfile": "docker-default",
        "ExecIDs": null,
        "HostConfig": {
            "Binds": null,
            "ContainerIDFile": "",
            "LogConfig": {
                "Type": "json-file",
                "Config": {}
            },
            "NetworkMode": "heig",
            "PortBindings": {},
            "RestartPolicy": {
                "Name": "no",
                "MaximumRetryCount": 0
            },
            "AutoRemove": false,
            "VolumeDriver": "",
            "VolumesFrom": null,
            "CapAdd": null,
            "CapDrop": null,
            "Dns": [],
            "DnsOptions": [],
            "DnsSearch": [],
            "ExtraHosts": null,
            "GroupAdd": null,
            "IpcMode": "shareable",
            "Cgroup": "",
            "Links": null,
            "OomScoreAdj": 0,
            "PidMode": "",
            "Privileged": false,
            "PublishAllPorts": false,
            "ReadonlyRootfs": false,
            "SecurityOpt": null,
            "UTSMode": "",
            "UsernsMode": "",
            "ShmSize": 67108864,
            "Runtime": "runc",
            "ConsoleSize": [
                0,
                0
            ],
            "Isolation": "",
            "CpuShares": 0,
            "Memory": 0,
            "NanoCpus": 0,
            "CgroupParent": "",
            "BlkioWeight": 0,
            "BlkioWeightDevice": [],
            "BlkioDeviceReadBps": null,
            "BlkioDeviceWriteBps": null,
            "BlkioDeviceReadIOps": null,
            "BlkioDeviceWriteIOps": null,
            "CpuPeriod": 0,
            "CpuQuota": 0,
            "CpuRealtimePeriod": 0,
            "CpuRealtimeRuntime": 0,
            "CpusetCpus": "",
            "CpusetMems": "",
            "Devices": [],
            "DeviceCgroupRules": null,
            "DiskQuota": 0,
            "KernelMemory": 0,
            "MemoryReservation": 0,
            "MemorySwap": 0,
            "MemorySwappiness": null,
            "OomKillDisable": false,
            "PidsLimit": 0,
            "Ulimits": null,
            "CpuCount": 0,
            "CpuPercent": 0,
            "IOMaximumIOps": 0,
            "IOMaximumBandwidth": 0
        },
        "GraphDriver": {
            "Data": null,
            "Name": "aufs"
        },
        "Mounts": [],
        "Config": {
            "Hostname": "82ff8793b14a",
            "Domainname": "",
            "User": "",
            "AttachStdin": false,
            "AttachStdout": false,
            "AttachStderr": false,
            "ExposedPorts": {
                "3000/tcp": {},
                "7373/tcp": {},
                "7946/tcp": {}
            },
            "Tty": false,
            "OpenStdin": false,
            "StdinOnce": false,
            "Env": [
                "PATH=/usr/local/sbin:/usr/local/bin:/usr/sbin:/usr/bin:/sbin:/bin",
                "NODE_VERSION=0.12.2",
                "NPM_VERSION=2.9.1",
                "ROLE=backend"
            ],
            "Cmd": null,
            "Image": "softengheigvd/webapp",
            "Volumes": null,
            "WorkingDir": "",
            "Entrypoint": [
                "/init"
            ],
            "OnBuild": null,
            "Labels": {}
        },
        "NetworkSettings": {
            "Bridge": "",
            "SandboxID": "e446dfe01de5af47823a72713390d3684de217a1cf92c56e2d949cc3a75cebc8",
            "HairpinMode": false,
            "LinkLocalIPv6Address": "",
            "LinkLocalIPv6PrefixLen": 0,
            "Ports": {
                "3000/tcp": null,
                "7373/tcp": null,
                "7946/tcp": null
            },
            "SandboxKey": "/var/run/docker/netns/e446dfe01de5",
            "SecondaryIPAddresses": null,
            "SecondaryIPv6Addresses": null,
            "EndpointID": "",
            "Gateway": "",
            "GlobalIPv6Address": "",
            "GlobalIPv6PrefixLen": 0,
            "IPAddress": "",
            "IPPrefixLen": 0,
            "IPv6Gateway": "",
            "MacAddress": "",
            "Networks": {
                "heig": {
                    "IPAMConfig": null,
                    "Links": null,
                    "Aliases": [
                        "82ff8793b14a"
                    ],
                    "NetworkID": "187b96454a68c93effb4101e142c0e5d757dd04d845dc3fbd7f92afee91d789d",
                    "EndpointID": "9e9b04b5f7238fdb9e0779aed840c5f4fa5bd8b7a5dd8ef4b35caf2c2258cf06",
                    "Gateway": "172.18.0.1",
                    "IPAddress": "172.18.0.4",
                    "IPPrefixLen": 16,
                    "IPv6Gateway": "",
                    "GlobalIPv6Address": "",
                    "GlobalIPv6PrefixLen": 0,
                    "MacAddress": "02:42:ac:12:00:04",
                    "DriverOpts": null
                }
            }
        }
    }
]
